<?xml version="1.0" encoding="UTF-8"?>
<!-- Generated by org.testng.reporters.JUnitReportReporter -->
<testsuite hostname="Murali" failures="0" tests="1" name="com.cbir.primo.CheckStatus" time="70.134" errors="0" timestamp="2024-12-25T11:15:50 IST" skipped="0">
  <testcase classname="com.cbir.primo.CheckStatus" name="alfaPRIMO_CBIRstatus" time="70.134"/>
</testsuite> <!-- com.cbir.primo.CheckStatus -->
