<?xml version="1.0" encoding="UTF-8"?>
<!-- Generated by org.testng.reporters.JUnitReportReporter -->
<testsuite hostname="Murali" failures="0" tests="1" name="com.cbir.primo.CheckStatus" time="29.798" errors="0" timestamp="2024-12-16T16:29:33 IST" skipped="0">
  <testcase classname="com.cbir.primo.CheckStatus" name="alfaPRIMO_CBIRstatus" time="29.798"/>
</testsuite> <!-- com.cbir.primo.CheckStatus -->
